#
# There is insufficient memory for the Java Runtime Environment to continue.
# Native memory allocation (malloc) failed to allocate 1221040 bytes for Chunk::new
# Possible reasons:
#   The system is out of physical RAM or swap space
#   In 32 bit mode, the process size limit was hit
# Possible solutions:
#   Reduce memory load on the system
#   Increase physical memory or swap space
#   Check if swap backing store is full
#   Use 64 bit Java on a 64 bit OS
#   Decrease Java heap size (-Xmx/-Xms)
#   Decrease number of Java threads
#   Decrease Java thread stack sizes (-Xss)
#   Set larger code cache with -XX:ReservedCodeCacheSize=
# This output file may be truncated or incomplete.
#
#  Out of Memory Error (allocation.cpp:390), pid=20504, tid=0x000000000000681c
#
# JRE version: Java(TM) SE Runtime Environment (8.0_181-b13) (build 1.8.0_181-b13)
# Java VM: Java HotSpot(TM) 64-Bit Server VM (25.181-b13 mixed mode windows-amd64 compressed oops)
# Failed to write core dump. Minidumps are not enabled by default on client versions of Windows
#

---------------  T H R E A D  ---------------

Current thread (0x000000001ea33800):  JavaThread "C2 CompilerThread2" daemon [_thread_in_native, id=26652, stack(0x000000001f410000,0x000000001f510000)]

Stack: [0x000000001f410000,0x000000001f510000]
[error occurred during error reporting (printing stack bounds), id 0xc0000005]

Native frames: (J=compiled Java code, j=interpreted, Vv=VM code, C=native code)


Current CompileTask:
C2:   4661 2244   !   4       org.codehaus.plexus.interpolation.StringSearchInterpolator::interpolate (655 bytes)


---------------  P R O C E S S  ---------------

Java Threads: ( => current thread )
  0x000000001eac9000 JavaThread "Service Thread" daemon [_thread_blocked, id=9660, stack(0x000000001f610000,0x000000001f710000)]
  0x000000001ea48000 JavaThread "C1 CompilerThread3" daemon [_thread_blocked, id=10860, stack(0x000000001f510000,0x000000001f610000)]
=>0x000000001ea33800 JavaThread "C2 CompilerThread2" daemon [_thread_in_native, id=26652, stack(0x000000001f410000,0x000000001f510000)]
  0x000000001ea32000 JavaThread "C2 CompilerThread1" daemon [_thread_in_native, id=24200, stack(0x000000001f310000,0x000000001f410000)]
  0x000000001ea2e000 JavaThread "C2 CompilerThread0" daemon [_thread_blocked, id=24220, stack(0x000000001f210000,0x000000001f310000)]
  0x000000001ea2b000 JavaThread "Attach Listener" daemon [_thread_blocked, id=28192, stack(0x000000001f110000,0x000000001f210000)]
  0x000000001ea2a000 JavaThread "Signal Dispatcher" daemon [_thread_blocked, id=12784, stack(0x000000001f010000,0x000000001f110000)]
  0x000000001ea20800 JavaThread "Finalizer" daemon [_thread_blocked, id=12484, stack(0x000000001ee00000,0x000000001ef00000)]
  0x00000000030ca000 JavaThread "Reference Handler" daemon [_thread_blocked, id=21016, stack(0x000000001e900000,0x000000001ea00000)]
  0x0000000002fd2800 JavaThread "main" [_thread_in_native, id=11204, stack(0x0000000002ed0000,0x0000000002fd0000)]

Other Threads:
  0x000000001cb19000 VMThread [stack: 0x000000001e800000,0x000000001e900000] [id=28316]
  0x000000001eaea000 WatcherThread [stack: 0x000000001f710000,0x000000001f810000] [id=18956]

VM state:not at safepoint (normal execution)

VM Mutex/Monitor currently owned by a thread: None

Heap:
 PSYoungGen      total 76288K, used 62700K [0x000000076b200000, 0x0000000770700000, 0x00000007c0000000)
  eden space 65536K, 79% used [0x000000076b200000,0x000000076e4c1ec8,0x000000076f200000)
  from space 10752K, 99% used [0x000000076f200000,0x000000076fc79258,0x000000076fc80000)
  to   space 10752K, 0% used [0x000000076fc80000,0x000000076fc80000,0x0000000770700000)
 ParOldGen       total 175104K, used 16K [0x00000006c1600000, 0x00000006cc100000, 0x000000076b200000)
  object space 175104K, 0% used [0x00000006c1600000,0x00000006c1604000,0x00000006cc100000)
 Metaspace       used 15094K, capacity 15340K, committed 15488K, reserved 1062912K
  class space    used 1843K, capacity 1916K, committed 1920K, reserved 1048576K

Card table byte_map: [0x0000000012490000,0x0000000012c90000] byte_map_base: 0x000000000ee85000

Marking Bits: (ParMarkBitMap*) 0x0000000068242d00
 Begin Bits: [0x00000000139e0000, 0x0000000017988000)
 End Bits:   [0x0000000017988000, 0x000000001b930000)

Polling page: 0x0000000001500000

CodeCache: size=245760Kb used=7892Kb max_used=7903Kb free=237867Kb
 bounds [0x00000000030d0000, 0x0000000003890000, 0x00000000120d0000]
 total_blobs=2633 nmethods=2289 adapters=256
 compilation: enabled

Compilation events (10 events):
Event: 4.551 Thread 0x000000001ea32000 2273       4       java.util.HashSet::<init> (16 bytes)
Event: 4.551 Thread 0x000000001ea48000 2274       3       org.apache.maven.model.building.ModelData::getGroupId (17 bytes)
Event: 4.552 Thread 0x000000001ea48000 nmethod 2274 0x0000000003880590 code [0x00000000038806e0, 0x0000000003880890]
Event: 4.552 Thread 0x000000001ea48000 2276       3       java.util.Hashtable$Enumerator::<init> (51 bytes)
Event: 4.552 Thread 0x000000001ea32000 nmethod 2273 0x0000000003887510 code [0x0000000003887660, 0x0000000003887758]
Event: 4.552 Thread 0x000000001ea48000 nmethod 2276 0x00000000038800d0 code [0x0000000003880240, 0x0000000003880470]
Event: 4.552 Thread 0x000000001ea48000 2275       1       org.apache.maven.model.DistributionManagement::getSite (5 bytes)
Event: 4.552 Thread 0x000000001ea48000 nmethod 2275 0x000000000387fe10 code [0x000000000387ff60, 0x0000000003880070]
Event: 4.552 Thread 0x000000001ea48000 2277       3       org.apache.maven.model.building.ModelData::getVersion (17 bytes)
Event: 4.552 Thread 0x000000001ea48000 nmethod 2277 0x000000000387fa90 code [0x000000000387fbe0, 0x000000000387fd90]

GC Heap History (2 events):
Event: 1.167 GC heap before
{Heap before GC invocations=1 (full 0):
 PSYoungGen      total 76288K, used 65536K [0x000000076b200000, 0x0000000770700000, 0x00000007c0000000)
  eden space 65536K, 100% used [0x000000076b200000,0x000000076f200000,0x000000076f200000)
  from space 10752K, 0% used [0x000000076fc80000,0x000000076fc80000,0x0000000770700000)
  to   space 10752K, 0% used [0x000000076f200000,0x000000076f200000,0x000000076fc80000)
 ParOldGen       total 175104K, used 0K [0x00000006c1600000, 0x00000006cc100000, 0x000000076b200000)
  object space 175104K, 0% used [0x00000006c1600000,0x00000006c1600000,0x00000006cc100000)
 Metaspace       used 12119K, capacity 12346K, committed 12672K, reserved 1060864K
  class space    used 1549K, capacity 1641K, committed 1664K, reserved 1048576K
Event: 1.176 GC heap after
Heap after GC invocations=1 (full 0):
 PSYoungGen      total 76288K, used 10724K [0x000000076b200000, 0x0000000770700000, 0x00000007c0000000)
  eden space 65536K, 0% used [0x000000076b200000,0x000000076b200000,0x000000076f200000)
  from space 10752K, 99% used [0x000000076f200000,0x000000076fc79258,0x000000076fc80000)
  to   space 10752K, 0% used [0x000000076fc80000,0x000000076fc80000,0x0000000770700000)
 ParOldGen       total 175104K, used 16K [0x00000006c1600000, 0x00000006cc100000, 0x000000076b200000)
  object space 175104K, 0% used [0x00000006c1600000,0x00000006c1604000,0x00000006cc100000)
 Metaspace       used 12119K, capacity 12346K, committed 12672K, reserved 1060864K
  class space    used 1549K, capacity 1641K, committed 1664K, reserved 1048576K
}

Deoptimization events (10 events):
Event: 3.686 Thread 0x0000000002fd2800 Uncommon trap: reason=class_check action=maybe_recompile pc=0x000000000378a8dc method=java.util.regex.Pattern$7.isSatisfiedBy(I)Z @ 16
Event: 3.686 Thread 0x0000000002fd2800 Uncommon trap: reason=class_check action=maybe_recompile pc=0x000000000378a8dc method=java.util.regex.Pattern$7.isSatisfiedBy(I)Z @ 16
Event: 3.686 Thread 0x0000000002fd2800 Uncommon trap: reason=class_check action=maybe_recompile pc=0x000000000378a8ec method=java.util.regex.Pattern$CharProperty$1.isSatisfiedBy(I)Z @ 5
Event: 3.686 Thread 0x0000000002fd2800 Uncommon trap: reason=class_check action=maybe_recompile pc=0x000000000378a8dc method=java.util.regex.Pattern$7.isSatisfiedBy(I)Z @ 16
Event: 3.686 Thread 0x0000000002fd2800 Uncommon trap: reason=class_check action=maybe_recompile pc=0x000000000378a8dc method=java.util.regex.Pattern$7.isSatisfiedBy(I)Z @ 16
Event: 3.686 Thread 0x0000000002fd2800 Uncommon trap: reason=class_check action=maybe_recompile pc=0x00000000037d68f8 method=java.util.regex.Pattern$CharProperty$1.isSatisfiedBy(I)Z @ 5
Event: 3.686 Thread 0x0000000002fd2800 Uncommon trap: reason=class_check action=maybe_recompile pc=0x00000000037d68f8 method=java.util.regex.Pattern$CharProperty$1.isSatisfiedBy(I)Z @ 5
Event: 3.686 Thread 0x0000000002fd2800 Uncommon trap: reason=class_check action=maybe_recompile pc=0x00000000037d68f8 method=java.util.regex.Pattern$CharProperty$1.isSatisfiedBy(I)Z @ 5
Event: 3.704 Thread 0x0000000002fd2800 Uncommon trap: reason=predicate action=maybe_recompile pc=0x00000000036dfe80 method=java.nio.charset.CharsetDecoder.decode(Ljava/nio/ByteBuffer;Ljava/nio/CharBuffer;Z)Ljava/nio/charset/CoderResult; @ 54
Event: 3.704 Thread 0x0000000002fd2800 Uncommon trap: reason=predicate action=maybe_recompile pc=0x0000000003381ed8 method=java.nio.charset.CharsetDecoder.decode(Ljava/nio/ByteBuffer;Ljava/nio/CharBuffer;Z)Ljava/nio/charset/CoderResult; @ 54

Classes redefined (0 events):
No events

Internal exceptions (10 events):
Event: 1.196 Thread 0x0000000002fd2800 Exception <a 'java/lang/NoClassDefFoundError': javax/annotation/Priority> (0x000000076b3422a8) thrown at [C:\re\workspace\8-2-build-windows-amd64-cygwin\jdk8u181\11358\hotspot\src\share\vm\classfile\systemDictionary.cpp, line 199]
Event: 1.418 Thread 0x0000000002fd2800 Exception <a 'java/lang/NullPointerException'> (0x000000076b9d0138) thrown at [C:\re\workspace\8-2-build-windows-amd64-cygwin\jdk8u181\11358\hotspot\src\share\vm\interpreter\linkResolver.cpp, line 1185]
Event: 1.418 Thread 0x0000000002fd2800 Exception <a 'java/lang/NullPointerException'> (0x000000076b9d0350) thrown at [C:\re\workspace\8-2-build-windows-amd64-cygwin\jdk8u181\11358\hotspot\src\share\vm\interpreter\linkResolver.cpp, line 1185]
Event: 1.418 Thread 0x0000000002fd2800 Exception <a 'java/lang/NullPointerException'> (0x000000076b9d0568) thrown at [C:\re\workspace\8-2-build-windows-amd64-cygwin\jdk8u181\11358\hotspot\src\share\vm\interpreter\linkResolver.cpp, line 1185]
Event: 1.419 Thread 0x0000000002fd2800 Exception <a 'java/lang/NullPointerException'> (0x000000076b9e0788) thrown at [C:\re\workspace\8-2-build-windows-amd64-cygwin\jdk8u181\11358\hotspot\src\share\vm\interpreter\linkResolver.cpp, line 1185]
Event: 1.419 Thread 0x0000000002fd2800 Exception <a 'java/lang/NullPointerException'> (0x000000076b9e09a0) thrown at [C:\re\workspace\8-2-build-windows-amd64-cygwin\jdk8u181\11358\hotspot\src\share\vm\interpreter\linkResolver.cpp, line 1185]
Event: 1.419 Thread 0x0000000002fd2800 Exception <a 'java/lang/NullPointerException'> (0x000000076b9e0bb8) thrown at [C:\re\workspace\8-2-build-windows-amd64-cygwin\jdk8u181\11358\hotspot\src\share\vm\interpreter\linkResolver.cpp, line 1185]
Event: 1.837 Thread 0x0000000002fd2800 Implicit null exception at 0x000000000369d96f to 0x000000000369ec65
Event: 1.942 Thread 0x0000000002fd2800 Implicit null exception at 0x0000000003482695 to 0x0000000003482899
Event: 1.942 Thread 0x0000000002fd2800 Implicit null exception at 0x00000000033aceaf to 0x00000000033acf19

Events (10 events):
Event: 3.704 Thread 0x0000000002fd2800 Uncommon trap: trap_request=0xffffff86 fr.pc=0x00000000036dfe80
Event: 3.704 Thread 0x0000000002fd2800 DEOPT PACKING pc=0x00000000036dfe80 sp=0x0000000002fccd50
Event: 3.704 Thread 0x0000000002fd2800 DEOPT UNPACKING pc=0x000000000311583b sp=0x0000000002fccc78 mode 2
Event: 3.704 Thread 0x0000000002fd2800 Uncommon trap: trap_request=0xffffff86 fr.pc=0x0000000003381ed8
Event: 3.704 Thread 0x0000000002fd2800 DEOPT PACKING pc=0x0000000003381ed8 sp=0x0000000002fccca0
Event: 3.704 Thread 0x0000000002fd2800 DEOPT UNPACKING pc=0x000000000311583b sp=0x0000000002fccc68 mode 2
Event: 4.257 Executing VM operation: EnableBiasedLocking
Event: 4.257 Executing VM operation: EnableBiasedLocking done
Event: 4.398 Thread 0x0000000002fd2800 DEOPT PACKING pc=0x00000000035ebab6 sp=0x0000000002fcd4e0
Event: 4.398 Thread 0x0000000002fd2800 DEOPT UNPACKING pc=0x0000000003117890 sp=0x0000000002fcd1f8 mode 0


Dynamic libraries:
0x00007ff696150000 - 0x00007ff696187000 	C:\Program Files\Java\jdk1.8.0_181\bin\java.exe
0x00007ffb8c490000 - 0x00007ffb8c671000 	C:\WINDOWS\SYSTEM32\ntdll.dll
0x00007ffb89c60000 - 0x00007ffb89d12000 	C:\WINDOWS\System32\KERNEL32.DLL
0x00007ffb89600000 - 0x00007ffb89873000 	C:\WINDOWS\System32\KERNELBASE.dll
0x00007ffb8c200000 - 0x00007ffb8c2a1000 	C:\WINDOWS\System32\ADVAPI32.dll
0x00007ffb8bfb0000 - 0x00007ffb8c04e000 	C:\WINDOWS\System32\msvcrt.dll
0x00007ffb8b930000 - 0x00007ffb8b98b000 	C:\WINDOWS\System32\sechost.dll
0x00007ffb8c330000 - 0x00007ffb8c454000 	C:\WINDOWS\System32\RPCRT4.dll
0x00007ffb8a1d0000 - 0x00007ffb8a360000 	C:\WINDOWS\System32\USER32.dll
0x00007ffb89340000 - 0x00007ffb89360000 	C:\WINDOWS\System32\win32u.dll
0x00007ffb89950000 - 0x00007ffb89978000 	C:\WINDOWS\System32\GDI32.dll
0x00007ffb89360000 - 0x00007ffb894f2000 	C:\WINDOWS\System32\gdi32full.dll
0x00007ffb89880000 - 0x00007ffb8991f000 	C:\WINDOWS\System32\msvcp_win.dll
0x00007ffb89500000 - 0x00007ffb895fa000 	C:\WINDOWS\System32\ucrtbase.dll
0x00007ffb833e0000 - 0x00007ffb83649000 	C:\WINDOWS\WinSxS\amd64_microsoft.windows.common-controls_6595b64144ccf1df_6.0.17134.407_none_fb449d63306391e9\COMCTL32.dll
0x00007ffb89ea0000 - 0x00007ffb8a1c2000 	C:\WINDOWS\System32\combase.dll
0x00007ffb89270000 - 0x00007ffb892ea000 	C:\WINDOWS\System32\bcryptPrimitives.dll
0x00007ffb89920000 - 0x00007ffb8994d000 	C:\WINDOWS\System32\IMM32.DLL
0x00000000682d0000 - 0x00000000683a2000 	C:\Program Files\Java\jdk1.8.0_181\jre\bin\msvcr100.dll
0x0000000067a20000 - 0x00000000682c2000 	C:\Program Files\Java\jdk1.8.0_181\jre\bin\server\jvm.dll
0x00007ffb8a4e0000 - 0x00007ffb8a4e8000 	C:\WINDOWS\System32\PSAPI.DLL
0x00007ffb84440000 - 0x00007ffb8444a000 	C:\WINDOWS\SYSTEM32\VERSION.dll
0x00007ffb73c30000 - 0x00007ffb73c39000 	C:\WINDOWS\SYSTEM32\WSOCK32.dll
0x00007ffb84410000 - 0x00007ffb84433000 	C:\WINDOWS\SYSTEM32\WINMM.dll
0x00007ffb8be50000 - 0x00007ffb8bebc000 	C:\WINDOWS\System32\WS2_32.dll
0x00007ffb843e0000 - 0x00007ffb8440a000 	C:\WINDOWS\SYSTEM32\WINMMBASE.dll
0x00007ffb892f0000 - 0x00007ffb89339000 	C:\WINDOWS\System32\cfgmgr32.dll
0x0000000068490000 - 0x000000006849f000 	C:\Program Files\Java\jdk1.8.0_181\jre\bin\verify.dll
0x00000000679f0000 - 0x0000000067a19000 	C:\Program Files\Java\jdk1.8.0_181\jre\bin\java.dll
0x0000000068470000 - 0x0000000068486000 	C:\Program Files\Java\jdk1.8.0_181\jre\bin\zip.dll
0x00007ffb8a4f0000 - 0x00007ffb8b92f000 	C:\WINDOWS\System32\SHELL32.dll
0x00007ffb89980000 - 0x00007ffb89a29000 	C:\WINDOWS\System32\shcore.dll
0x00007ffb88860000 - 0x00007ffb88f6d000 	C:\WINDOWS\System32\windows.storage.dll
0x00007ffb8c2d0000 - 0x00007ffb8c321000 	C:\WINDOWS\System32\shlwapi.dll
0x00007ffb88820000 - 0x00007ffb88831000 	C:\WINDOWS\System32\kernel.appcore.dll
0x00007ffb88800000 - 0x00007ffb8881f000 	C:\WINDOWS\System32\profapi.dll
0x00007ffb887b0000 - 0x00007ffb887fc000 	C:\WINDOWS\System32\powrprof.dll
0x00007ffb887a0000 - 0x00007ffb887aa000 	C:\WINDOWS\System32\FLTLIB.DLL
0x00000000679d0000 - 0x00000000679ea000 	C:\Program Files\Java\jdk1.8.0_181\jre\bin\net.dll
0x00007ffb87f70000 - 0x00007ffb87fd6000 	C:\WINDOWS\system32\mswsock.dll
0x00000000679b0000 - 0x00000000679c1000 	C:\Program Files\Java\jdk1.8.0_181\jre\bin\nio.dll

VM Arguments:
jvm_args: -Dclassworlds.conf=C:\Users\james.chaves\aplicativos\apache\apache-maven-3.3.9\bin\..\bin\m2.conf -Dmaven.home=C:\Users\james.chaves\aplicativos\apache\apache-maven-3.3.9\bin\.. -Dmaven.multiModuleProjectDirectory=C:\Users\james.chaves\workspace\teste_02\dados\dados 
java_command: org.codehaus.plexus.classworlds.launcher.Launcher clean install
java_class_path (initial): C:\Users\james.chaves\aplicativos\apache\apache-maven-3.3.9\bin\..\boot\plexus-classworlds-2.5.2.jar
Launcher Type: SUN_STANDARD

Environment Variables:
JAVA_HOME=C:\Program Files\Java\jdk1.8.0_181
PATH=C:\Program Files (x86)\Common Files\Oracle\Java\javapath;C:\WINDOWS\system32;C:\WINDOWS;C:\WINDOWS\System32\Wbem;C:\WINDOWS\System32\WindowsPowerShell\v1.0\;C:\Program Files\Microsoft SQL Server\Client SDK\ODBC\110\Tools\Binn\;C:\Program Files (x86)\Microsoft SQL Server\120\Tools\Binn\ManagementStudio\;C:\Program Files (x86)\Microsoft SQL Server\120\Tools\Binn\;C:\Program Files\Microsoft SQL Server\120\Tools\Binn\;C:\Program Files (x86)\Microsoft SQL Server\120\DTS\Binn\;C:\Program Files\Microsoft SQL Server\120\DTS\Binn\;C:\Program Files\Git\cmd;C:\Program Files (x86)\MySQL\MySQL Fabric 1.5 & MySQL Utilities 1.5\;C:\Program Files (x86)\MySQL\MySQL Fabric 1.5 & MySQL Utilities 1.5\Doctrine extensions for PHP\;C:\Users\james.chaves\.dnx\bin;C:\Program Files\Microsoft DNX\Dnvm\;C:\Program Files\Microsoft SQL Server\130\Tools\Binn\;C:\Program Files (x86)\Microsoft SQL Server\110\DTS\Binn\;C:\Program Files (x86)\Microsoft SQL Server\130\DTS\Binn\;C:\Program Files\Microsoft\Web Platform Installer\;C:\Users\james.chaves\aplicativos\apache\apache-maven-3.3.9\bin;C:\Program Files\SafeNet\Authentication\SAC\x64;C:\Program Files\SafeNet\Authentication\SAC\x32;C:\Program Files\Java\jdk1.8.0_181\bin\;C:\PostgreSQL\pg96\bin;C:\Program Files\Java\jdk1.8.0_181\bin\;C:\Program Files\MiKTeX 2.9\miktex\bin\x64\;C:\Program Files (x86)\Windows Kits\8.1\Windows Performance Toolkit\;C:\Program Files (x86)\Microsoft SQL Server\Client SDK\ODBC\130\Tools\Binn\;C:\Program Files (x86)\Microsoft SQL Server\140\Tools\Binn\;C:\Program Files (x86)\Microsoft SQL Server\140\DTS\Binn\;C:\Program Files (x86)\Microsoft SQL Server\140\Tools\Binn\ManagementStudio\;C:\WINDOWS\System32\OpenSSH\;C:\Program Files\nodejs\;C:\Users\james.chaves\AppData\Local\Microsoft\WindowsApps;C:\Users\james.chaves\AppData\Roaming\npm;C:\Users\james.chaves\AppData\Local\Programs\Microsoft VS Code\bin
USERNAME=james.chaves
OS=Windows_NT
PROCESSOR_IDENTIFIER=Intel64 Family 6 Model 60 Stepping 3, GenuineIntel



---------------  S Y S T E M  ---------------

OS: Windows 10.0 , 64 bit Build 17134 (10.0.17134.1)

CPU:total 8 (initial active 8) (4 cores per cpu, 2 threads per core) family 6 model 60 stepping 3, cmov, cx8, fxsr, mmx, sse, sse2, sse3, ssse3, sse4.1, sse4.2, popcnt, avx, avx2, aes, clmul, erms, lzcnt, ht, tsc, tscinvbit, bmi1, bmi2

Memory: 4k page, physical 16679848k(8174108k free), swap 67011496k(273732k free)

vm_info: Java HotSpot(TM) 64-Bit Server VM (25.181-b13) for windows-amd64 JRE (1.8.0_181-b13), built on Jul  7 2018 04:01:33 by "java_re" with MS VC++ 10.0 (VS2010)

time: Mon Dec 10 08:53:09 2018
elapsed time: 4 seconds (0d 0h 0m 4s)

